[2013-06-16 18:19:11] request.ERROR: Uncaught PHP Exception Symfony\Component\HttpKernel\Exception\NotFoundHttpException: "No route found for "GET /bundles/framework/images/input_bg.gif"" at C:\xampp18\htdocs\Mascotas\vendor\symfony\symfony\src\Symfony\Component\HttpKernel\EventListener\RouterListener.php line 94 [] []
[2013-06-16 18:21:36] request.ERROR: Uncaught PHP Exception Symfony\Component\HttpKernel\Exception\NotFoundHttpException: "No route found for "GET /bundles/framework/images/input_bg.gif"" at C:\xampp18\htdocs\Mascotas\vendor\symfony\symfony\src\Symfony\Component\HttpKernel\EventListener\RouterListener.php line 94 [] []
[2013-06-25 16:09:08] request.ERROR: Uncaught PHP Exception Symfony\Component\HttpKernel\Exception\NotFoundHttpException: "No route found for "GET /js/bootstrap.js"" at C:\xampp18\htdocs\Mascotas\app\cache\prod\classes.php line 3610 [] []
[2013-06-25 16:09:08] request.ERROR: Uncaught PHP Exception Symfony\Component\HttpKernel\Exception\NotFoundHttpException: "No route found for "GET /css/bootstrap-responsive.min.css"" at C:\xampp18\htdocs\Mascotas\app\cache\prod\classes.php line 3610 [] []
[2013-06-25 16:09:08] request.ERROR: Uncaught PHP Exception Symfony\Component\HttpKernel\Exception\NotFoundHttpException: "No route found for "GET /js/jquery-1.10.1.min.js"" at C:\xampp18\htdocs\Mascotas\app\cache\prod\classes.php line 3610 [] []
[2013-06-25 16:09:09] request.ERROR: Uncaught PHP Exception Symfony\Component\HttpKernel\Exception\NotFoundHttpException: "No route found for "GET /css/bootstrap.min.css"" at C:\xampp18\htdocs\Mascotas\app\cache\prod\classes.php line 3610 [] []
[2013-06-25 16:10:26] request.ERROR: Uncaught PHP Exception Symfony\Component\HttpKernel\Exception\NotFoundHttpException: "No route found for "GET /css/bootstrap-responsive.min.css"" at C:\xampp18\htdocs\Mascotas\app\cache\prod\classes.php line 3610 [] []
[2013-06-25 16:10:26] request.ERROR: Uncaught PHP Exception Symfony\Component\HttpKernel\Exception\NotFoundHttpException: "No route found for "GET /js/bootstrap.js"" at C:\xampp18\htdocs\Mascotas\app\cache\prod\classes.php line 3610 [] []
[2013-06-25 16:10:26] request.ERROR: Uncaught PHP Exception Symfony\Component\HttpKernel\Exception\NotFoundHttpException: "No route found for "GET /css/bootstrap.min.css"" at C:\xampp18\htdocs\Mascotas\app\cache\prod\classes.php line 3610 [] []
[2013-06-25 16:10:27] request.ERROR: Uncaught PHP Exception Symfony\Component\HttpKernel\Exception\NotFoundHttpException: "No route found for "GET /js/jquery-1.10.1.min.js"" at C:\xampp18\htdocs\Mascotas\app\cache\prod\classes.php line 3610 [] []
[2013-06-25 16:14:40] request.ERROR: Uncaught PHP Exception Symfony\Component\HttpKernel\Exception\NotFoundHttpException: "No route found for "GET /css/bootstrap-responsive.min.css"" at C:\xampp18\htdocs\Mascotas\app\cache\prod\classes.php line 3610 [] []
[2013-06-25 16:14:40] request.ERROR: Uncaught PHP Exception Symfony\Component\HttpKernel\Exception\NotFoundHttpException: "No route found for "GET /js/jquery-1.10.1.min.js"" at C:\xampp18\htdocs\Mascotas\app\cache\prod\classes.php line 3610 [] []
[2013-06-25 16:14:40] request.ERROR: Uncaught PHP Exception Symfony\Component\HttpKernel\Exception\NotFoundHttpException: "No route found for "GET /js/bootstrap.js"" at C:\xampp18\htdocs\Mascotas\app\cache\prod\classes.php line 3610 [] []
[2013-06-25 16:14:41] request.ERROR: Uncaught PHP Exception Symfony\Component\HttpKernel\Exception\NotFoundHttpException: "No route found for "GET /Mascotas/MascotasBundle::bootstrap.min.css"" at C:\xampp18\htdocs\Mascotas\app\cache\prod\classes.php line 3610 [] []
[2013-06-25 16:15:27] request.ERROR: Uncaught PHP Exception Symfony\Component\HttpKernel\Exception\NotFoundHttpException: "No route found for "GET /css/bootstrap-responsive.min.css"" at C:\xampp18\htdocs\Mascotas\app\cache\prod\classes.php line 3610 [] []
[2013-06-25 16:15:28] request.ERROR: Uncaught PHP Exception Symfony\Component\HttpKernel\Exception\NotFoundHttpException: "No route found for "GET /js/bootstrap.js"" at C:\xampp18\htdocs\Mascotas\app\cache\prod\classes.php line 3610 [] []
[2013-06-25 16:15:28] request.ERROR: Uncaught PHP Exception Symfony\Component\HttpKernel\Exception\NotFoundHttpException: "No route found for "GET /js/jquery-1.10.1.min.js"" at C:\xampp18\htdocs\Mascotas\app\cache\prod\classes.php line 3610 [] []
[2013-06-25 16:15:28] request.ERROR: Uncaught PHP Exception Symfony\Component\HttpKernel\Exception\NotFoundHttpException: "No route found for "GET /Mascotas/MascotasBundle/Resources/public/css/bootstrap.min.css"" at C:\xampp18\htdocs\Mascotas\app\cache\prod\classes.php line 3610 [] []
[2013-06-25 16:17:57] request.ERROR: Uncaught PHP Exception Symfony\Component\HttpKernel\Exception\NotFoundHttpException: "No route found for "GET /js/bootstrap.js"" at C:\xampp18\htdocs\Mascotas\app\cache\prod\classes.php line 3610 [] []
[2013-06-25 16:17:57] request.ERROR: Uncaught PHP Exception Symfony\Component\HttpKernel\Exception\NotFoundHttpException: "No route found for "GET /js/jquery-1.10.1.min.js"" at C:\xampp18\htdocs\Mascotas\app\cache\prod\classes.php line 3610 [] []
[2013-06-25 16:17:57] request.ERROR: Uncaught PHP Exception Symfony\Component\HttpKernel\Exception\NotFoundHttpException: "No route found for "GET /css/bootstrap-responsive.min.css"" at C:\xampp18\htdocs\Mascotas\app\cache\prod\classes.php line 3610 [] []
[2013-06-25 16:17:58] request.ERROR: Uncaught PHP Exception Symfony\Component\HttpKernel\Exception\NotFoundHttpException: "No route found for "GET /Mascotas/MascotasBundle/Resources/public/css/bootstrap.min.css"" at C:\xampp18\htdocs\Mascotas\app\cache\prod\classes.php line 3610 [] []
[2013-06-25 16:18:03] request.ERROR: Uncaught PHP Exception Symfony\Component\HttpKernel\Exception\NotFoundHttpException: "No route found for "GET /css/bootstrap-responsive.min.css"" at C:\xampp18\htdocs\Mascotas\app\cache\prod\classes.php line 3610 [] []
[2013-06-25 16:18:03] request.ERROR: Uncaught PHP Exception Symfony\Component\HttpKernel\Exception\NotFoundHttpException: "No route found for "GET /js/bootstrap.js"" at C:\xampp18\htdocs\Mascotas\app\cache\prod\classes.php line 3610 [] []
[2013-06-25 16:18:03] request.ERROR: Uncaught PHP Exception Symfony\Component\HttpKernel\Exception\NotFoundHttpException: "No route found for "GET /js/jquery-1.10.1.min.js"" at C:\xampp18\htdocs\Mascotas\app\cache\prod\classes.php line 3610 [] []
[2013-06-25 16:18:04] request.ERROR: Uncaught PHP Exception Symfony\Component\HttpKernel\Exception\NotFoundHttpException: "No route found for "GET /Mascotas/MascotasBundle/Resources/public/css/bootstrap.min.css"" at C:\xampp18\htdocs\Mascotas\app\cache\prod\classes.php line 3610 [] []
[2013-06-25 16:18:09] request.ERROR: Uncaught PHP Exception Symfony\Component\HttpKernel\Exception\NotFoundHttpException: "No route found for "GET /js/bootstrap.js"" at C:\xampp18\htdocs\Mascotas\app\cache\prod\classes.php line 3610 [] []
[2013-06-25 16:18:09] request.ERROR: Uncaught PHP Exception Symfony\Component\HttpKernel\Exception\NotFoundHttpException: "No route found for "GET /css/bootstrap-responsive.min.css"" at C:\xampp18\htdocs\Mascotas\app\cache\prod\classes.php line 3610 [] []
[2013-06-25 16:18:09] request.ERROR: Uncaught PHP Exception Symfony\Component\HttpKernel\Exception\NotFoundHttpException: "No route found for "GET /js/jquery-1.10.1.min.js"" at C:\xampp18\htdocs\Mascotas\app\cache\prod\classes.php line 3610 [] []
[2013-06-25 16:18:10] request.ERROR: Uncaught PHP Exception Symfony\Component\HttpKernel\Exception\NotFoundHttpException: "No route found for "GET /Mascotas/MascotasBundle/Resources/public/css/bootstrap.min.css"" at C:\xampp18\htdocs\Mascotas\app\cache\prod\classes.php line 3610 [] []
[2013-06-25 16:19:29] request.ERROR: Uncaught PHP Exception Symfony\Component\HttpKernel\Exception\NotFoundHttpException: "No route found for "GET /js/bootstrap.js"" at C:\xampp18\htdocs\Mascotas\app\cache\prod\classes.php line 3610 [] []
[2013-06-25 16:19:29] request.ERROR: Uncaught PHP Exception Symfony\Component\HttpKernel\Exception\NotFoundHttpException: "No route found for "GET /css/bootstrap-responsive.min.css"" at C:\xampp18\htdocs\Mascotas\app\cache\prod\classes.php line 3610 [] []
[2013-06-25 16:19:29] request.ERROR: Uncaught PHP Exception Symfony\Component\HttpKernel\Exception\NotFoundHttpException: "No route found for "GET /js/jquery-1.10.1.min.js"" at C:\xampp18\htdocs\Mascotas\app\cache\prod\classes.php line 3610 [] []
[2013-06-25 16:19:30] request.ERROR: Uncaught PHP Exception Symfony\Component\HttpKernel\Exception\NotFoundHttpException: "No route found for "GET /Mascotas/MascotasBundle/Resources/public/css/bootstrap.min.css"" at C:\xampp18\htdocs\Mascotas\app\cache\prod\classes.php line 3610 [] []
[2013-06-25 16:22:08] request.ERROR: Uncaught PHP Exception Symfony\Component\HttpKernel\Exception\NotFoundHttpException: "No route found for "GET /js/jquery-1.10.1.min.js"" at C:\xampp18\htdocs\Mascotas\app\cache\prod\classes.php line 3610 [] []
[2013-06-25 16:22:08] request.ERROR: Uncaught PHP Exception Symfony\Component\HttpKernel\Exception\NotFoundHttpException: "No route found for "GET /css/bootstrap-responsive.min.css"" at C:\xampp18\htdocs\Mascotas\app\cache\prod\classes.php line 3610 [] []
[2013-06-25 16:22:08] request.ERROR: Uncaught PHP Exception Symfony\Component\HttpKernel\Exception\NotFoundHttpException: "No route found for "GET /js/bootstrap.js"" at C:\xampp18\htdocs\Mascotas\app\cache\prod\classes.php line 3610 [] []
[2013-06-25 16:22:09] request.ERROR: Uncaught PHP Exception Symfony\Component\HttpKernel\Exception\NotFoundHttpException: "No route found for "GET /Mascotas/MascotasBundle/Resources/public/css/bootstrap.min.css"" at C:\xampp18\htdocs\Mascotas\app\cache\prod\classes.php line 3610 [] []
[2013-06-25 16:22:32] request.ERROR: Uncaught PHP Exception Symfony\Component\HttpKernel\Exception\NotFoundHttpException: "No route found for "GET /css/bootstrap-responsive.min.css"" at C:\xampp18\htdocs\Mascotas\app\cache\prod\classes.php line 3610 [] []
[2013-06-25 16:22:32] request.ERROR: Uncaught PHP Exception Symfony\Component\HttpKernel\Exception\NotFoundHttpException: "No route found for "GET /js/jquery-1.10.1.min.js"" at C:\xampp18\htdocs\Mascotas\app\cache\prod\classes.php line 3610 [] []
[2013-06-25 16:22:32] request.ERROR: Uncaught PHP Exception Symfony\Component\HttpKernel\Exception\NotFoundHttpException: "No route found for "GET /js/bootstrap.js"" at C:\xampp18\htdocs\Mascotas\app\cache\prod\classes.php line 3610 [] []
[2013-06-25 16:22:33] request.ERROR: Uncaught PHP Exception Symfony\Component\HttpKernel\Exception\NotFoundHttpException: "No route found for "GET /Mascotas/MascotasBundle/Resources/public/css/bootstrap.min.css"" at C:\xampp18\htdocs\Mascotas\app\cache\prod\classes.php line 3610 [] []
[2013-06-25 21:19:00] request.ERROR: Uncaught PHP Exception Symfony\Component\HttpKernel\Exception\NotFoundHttpException: "No route found for "GET /js/jquery-1.10.1.min.js"" at C:\xampp18\htdocs\Mascotas\app\cache\prod\classes.php line 3610 [] []
[2013-06-25 21:19:00] request.ERROR: Uncaught PHP Exception Symfony\Component\HttpKernel\Exception\NotFoundHttpException: "No route found for "GET /js/bootstrap.js"" at C:\xampp18\htdocs\Mascotas\app\cache\prod\classes.php line 3610 [] []
[2013-06-25 21:19:00] request.ERROR: Uncaught PHP Exception Symfony\Component\HttpKernel\Exception\NotFoundHttpException: "No route found for "GET /Mascotas/MascotasBundle/Resources/public/css/bootstrap.min.css"" at C:\xampp18\htdocs\Mascotas\app\cache\prod\classes.php line 3610 [] []
[2013-06-25 21:19:01] request.ERROR: Uncaught PHP Exception Symfony\Component\HttpKernel\Exception\NotFoundHttpException: "No route found for "GET /css/bootstrap-responsive.min.css"" at C:\xampp18\htdocs\Mascotas\app\cache\prod\classes.php line 3610 [] []
[2013-06-26 03:27:46] request.ERROR: Uncaught PHP Exception Symfony\Component\HttpKernel\Exception\NotFoundHttpException: "No route found for "GET /bundles/mascotasmascotas/img/imagen.jpg"" at C:\xampp18\htdocs\Mascotas\app\cache\prod\classes.php line 3610 [] []
[2013-06-26 03:27:49] request.ERROR: Uncaught PHP Exception Symfony\Component\HttpKernel\Exception\NotFoundHttpException: "No route found for "GET /bundles/mascotasmascotas/img/imagen.jpg"" at C:\xampp18\htdocs\Mascotas\app\cache\prod\classes.php line 3610 [] []
[2013-06-26 03:56:55] request.ERROR: Uncaught PHP Exception Symfony\Component\HttpKernel\Exception\NotFoundHttpException: "No route found for "GET /bundles/mascotasmascotas/img/perrogato.png"" at C:\xampp18\htdocs\Mascotas\app\cache\prod\classes.php line 3610 [] []
[2013-06-26 03:57:14] request.ERROR: Uncaught PHP Exception Symfony\Component\HttpKernel\Exception\NotFoundHttpException: "No route found for "GET /bundles/mascotasmascotas/img/perrogato.png"" at C:\xampp18\htdocs\Mascotas\app\cache\prod\classes.php line 3610 [] []
[2013-06-27 19:35:08] request.ERROR: Uncaught PHP Exception Symfony\Component\HttpKernel\Exception\NotFoundHttpException: "No route found for "GET /admin/user"" at C:\xampp18\htdocs\Mascotas\app\cache\prod\classes.php line 3610 [] []
[2013-06-27 19:35:45] request.ERROR: Uncaught PHP Exception Symfony\Component\HttpKernel\Exception\NotFoundHttpException: "No route found for "GET /admin/"" at C:\xampp18\htdocs\Mascotas\app\cache\prod\classes.php line 3610 [] []
[2013-06-27 19:35:55] request.ERROR: Uncaught PHP Exception Symfony\Component\HttpKernel\Exception\NotFoundHttpException: "No route found for "GET /user"" at C:\xampp18\htdocs\Mascotas\app\cache\prod\classes.php line 3610 [] []
[2013-06-28 02:51:38] request.ERROR: Uncaught PHP Exception Symfony\Component\HttpKernel\Exception\NotFoundHttpException: "No route found for "GET /demo/secured/"" at C:\xampp18\htdocs\Mascotas\app\cache\prod\classes.php line 3610 [] []
[2013-06-28 02:52:54] request.ERROR: Uncaught PHP Exception Symfony\Component\HttpKernel\Exception\NotFoundHttpException: "No route found for "GET //demo/secured"" at C:\xampp18\htdocs\Mascotas\app\cache\prod\classes.php line 3610 [] []
[2013-06-28 02:53:07] request.ERROR: Uncaught PHP Exception Symfony\Component\HttpKernel\Exception\NotFoundHttpException: "No route found for "GET /demo/secured"" at C:\xampp18\htdocs\Mascotas\app\cache\prod\classes.php line 3610 [] []
[2013-06-28 02:54:09] request.ERROR: Uncaught PHP Exception Symfony\Component\HttpKernel\Exception\NotFoundHttpException: "No route found for "GET /demo/secured/login"" at C:\xampp18\htdocs\Mascotas\app\cache\prod\classes.php line 3610 [] []
[2013-06-28 02:54:57] request.ERROR: Uncaught PHP Exception Symfony\Component\HttpKernel\Exception\NotFoundHttpException: "No route found for "GET /demo/secured/login"" at C:\xampp18\htdocs\Mascotas\app\cache\prod\classes.php line 3610 [] []
[2013-06-28 02:57:21] request.ERROR: Uncaught PHP Exception Symfony\Component\HttpKernel\Exception\NotFoundHttpException: "No route found for "GET /bundles/framework/images/input_bg.gif"" at C:\xampp18\htdocs\Mascotas\app\cache\prod\classes.php line 3610 [] []
[2013-06-28 05:22:09] request.ERROR: Uncaught PHP Exception Symfony\Component\HttpKernel\Exception\NotFoundHttpException: "No route found for "GET /mascotas/publicacion/new"" at C:\xampp18\htdocs\Mascotas\app\cache\prod\classes.php line 3610 [] []
[2013-06-28 05:22:21] request.ERROR: Uncaught PHP Exception Symfony\Component\HttpKernel\Exception\NotFoundHttpException: "No route found for "GET /mascotas/publicacion/"" at C:\xampp18\htdocs\Mascotas\app\cache\prod\classes.php line 3610 [] []
[2013-06-28 05:22:37] request.ERROR: Uncaught PHP Exception Symfony\Component\HttpKernel\Exception\NotFoundHttpException: "No route found for "GET /mascotas/publicacion/"" at C:\xampp18\htdocs\Mascotas\app\cache\prod\classes.php line 3610 [] []
[2013-06-28 05:25:32] request.ERROR: Uncaught PHP Exception Symfony\Component\HttpKernel\Exception\NotFoundHttpException: "No route found for "GET /app_web.php/mascotas"" at C:\xampp18\htdocs\Mascotas\app\cache\prod\classes.php line 3610 [] []
[2013-06-28 05:25:38] request.ERROR: Uncaught PHP Exception Symfony\Component\HttpKernel\Exception\NotFoundHttpException: "No route found for "GET /app_web.php"" at C:\xampp18\htdocs\Mascotas\app\cache\prod\classes.php line 3610 [] []
[2013-06-28 05:25:45] request.ERROR: Uncaught PHP Exception Symfony\Component\HttpKernel\Exception\NotFoundHttpException: "No route found for "GET /app_deb.php"" at C:\xampp18\htdocs\Mascotas\app\cache\prod\classes.php line 3610 [] []
[2013-07-07 01:41:50] request.ERROR: Uncaught PHP Exception Symfony\Component\HttpKernel\Exception\NotFoundHttpException: "No route found for "GET /bundles/mascotasmascotas/uploaded/bffa899a50ab5aa721fdd3d131540177a2aaaafe.jpeg"" at D:\xampp\htdocs\mascotas\vendor\symfony\symfony\src\Symfony\Component\HttpKernel\EventListener\RouterListener.php line 94 [] []
[2013-07-07 01:42:04] request.ERROR: Uncaught PHP Exception Symfony\Component\HttpKernel\Exception\NotFoundHttpException: "No route found for "GET /bundles/mascotasmascotas/uploaded/ae054d90825e7fd077995d26cda8de087e223cff.jpeg"" at D:\xampp\htdocs\mascotas\vendor\symfony\symfony\src\Symfony\Component\HttpKernel\EventListener\RouterListener.php line 94 [] []
[2013-07-07 01:42:16] request.ERROR: Uncaught PHP Exception Symfony\Component\HttpKernel\Exception\NotFoundHttpException: "No route found for "GET /bundles/mascotasmascotas/uploaded/bffa899a50ab5aa721fdd3d131540177a2aaaafe.jpeg"" at D:\xampp\htdocs\mascotas\app\cache\prod\classes.php line 3615 [] []
[2013-07-07 01:43:02] request.ERROR: Uncaught PHP Exception Symfony\Component\HttpKernel\Exception\NotFoundHttpException: "No route found for "GET /bundles/mascotasmascotas/uploaded/bffa899a50ab5aa721fdd3d131540177a2aaaafe.jpeg"" at D:\xampp\htdocs\mascotas\app\cache\prod\classes.php line 3615 [] []
[2013-07-07 01:53:09] request.ERROR: Uncaught PHP Exception Symfony\Component\HttpKernel\Exception\NotFoundHttpException: "No route found for "GET /bundles/mascotasmascotas/uploaded/bffa899a50ab5aa721fdd3d131540177a2aaaafe.jpeg"" at D:\xampp\htdocs\mascotas\app\cache\prod\classes.php line 3615 [] []
[2013-07-07 01:53:15] request.ERROR: Uncaught PHP Exception Symfony\Component\HttpKernel\Exception\NotFoundHttpException: "No route found for "GET /bundles/mascotasmascotas/uploaded/ae054d90825e7fd077995d26cda8de087e223cff.jpeg"" at D:\xampp\htdocs\mascotas\app\cache\prod\classes.php line 3615 [] []
[2013-07-07 02:08:51] request.ERROR: Uncaught PHP Exception Symfony\Component\HttpKernel\Exception\NotFoundHttpException: "No route found for "GET /bundles/mascotasmascotas/uploaded/bffa899a50ab5aa721fdd3d131540177a2aaaafe.jpeg"" at D:\xampp\htdocs\mascotas\app\cache\prod\classes.php line 3615 [] []
[2013-07-07 02:11:12] request.ERROR: Uncaught PHP Exception Symfony\Component\HttpKernel\Exception\NotFoundHttpException: "No route found for "GET /bundles/mascotasmascotas/uploaded/ae054d90825e7fd077995d26cda8de087e223cff.jpeg"" at D:\xampp\htdocs\mascotas\app\cache\prod\classes.php line 3615 [] []
[2013-07-07 02:11:19] request.ERROR: Uncaught PHP Exception Symfony\Component\HttpKernel\Exception\NotFoundHttpException: "No route found for "GET /bundles/mascotasmascotas/uploaded/ca343817596b7b7ee16e80f30d2e2c2146043f6c.jpeg"" at D:\xampp\htdocs\mascotas\app\cache\prod\classes.php line 3615 [] []
[2013-07-07 02:12:43] request.ERROR: Uncaught PHP Exception Symfony\Component\HttpKernel\Exception\NotFoundHttpException: "No route found for "GET /bundles/mascotasmascotas/uploaded/ae054d90825e7fd077995d26cda8de087e223cff.jpeg"" at D:\xampp\htdocs\mascotas\app\cache\prod\classes.php line 3615 [] []
[2013-07-07 02:13:30] request.ERROR: Uncaught PHP Exception Symfony\Component\HttpKernel\Exception\NotFoundHttpException: "No route found for "GET /bundles/mascotasmascotas/uploaded/bffa899a50ab5aa721fdd3d131540177a2aaaafe.jpeg"" at D:\xampp\htdocs\mascotas\app\cache\prod\classes.php line 3615 [] []
[2013-07-07 02:33:25] request.ERROR: Uncaught PHP Exception Symfony\Component\HttpKernel\Exception\NotFoundHttpException: "No route found for "GET /bundles/mascotasmascotas/uploaded/bffa899a50ab5aa721fdd3d131540177a2aaaafe.jpeg"" at D:\xampp\htdocs\mascotas\app\cache\prod\classes.php line 3615 [] []
[2013-07-07 02:34:36] request.ERROR: Uncaught PHP Exception Symfony\Component\HttpKernel\Exception\NotFoundHttpException: "No route found for "GET /bundles/mascotasmascotas/uploaded/bffa899a50ab5aa721fdd3d131540177a2aaaafe.jpeg"" at D:\xampp\htdocs\mascotas\app\cache\prod\classes.php line 3615 [] []
[2013-07-07 02:46:43] request.ERROR: Uncaught PHP Exception Symfony\Component\HttpKernel\Exception\NotFoundHttpException: "No route found for "GET /bundles/mascotasmascotas/uploaded/bffa899a50ab5aa721fdd3d131540177a2aaaafe.jpeg"" at D:\xampp\htdocs\mascotas\app\cache\prod\classes.php line 3615 [] []
[2013-07-07 02:48:00] request.ERROR: Uncaught PHP Exception Symfony\Component\HttpKernel\Exception\NotFoundHttpException: "No route found for "GET /bundles/mascotasmascotas/uploaded/bffa899a50ab5aa721fdd3d131540177a2aaaafe.jpeg"" at D:\xampp\htdocs\mascotas\app\cache\prod\classes.php line 3615 [] []
[2013-07-07 02:49:18] request.ERROR: Uncaught PHP Exception Symfony\Component\HttpKernel\Exception\NotFoundHttpException: "No route found for "GET /bundles/mascotasmascotas/uploaded/bffa899a50ab5aa721fdd3d131540177a2aaaafe.jpeg"" at D:\xampp\htdocs\mascotas\app\cache\prod\classes.php line 3615 [] []
[2013-07-07 02:54:13] request.ERROR: Uncaught PHP Exception Symfony\Component\HttpKernel\Exception\NotFoundHttpException: "No route found for "GET /bundles/mascotasmascotas/uploaded/bffa899a50ab5aa721fdd3d131540177a2aaaafe.jpeg"" at D:\xampp\htdocs\mascotas\app\cache\prod\classes.php line 3615 [] []
[2013-07-07 02:57:00] request.ERROR: Uncaught PHP Exception Symfony\Component\HttpKernel\Exception\NotFoundHttpException: "No route found for "GET /bundles/mascotasmascotas/uploaded/bffa899a50ab5aa721fdd3d131540177a2aaaafe.jpeg"" at D:\xampp\htdocs\mascotas\app\cache\prod\classes.php line 3615 [] []
[2013-07-07 02:58:39] request.ERROR: Uncaught PHP Exception Symfony\Component\HttpKernel\Exception\NotFoundHttpException: "No route found for "GET /bundles/mascotasmascotas/uploaded/bffa899a50ab5aa721fdd3d131540177a2aaaafe.jpeg"" at D:\xampp\htdocs\mascotas\app\cache\prod\classes.php line 3615 [] []
[2013-07-07 02:58:53] request.ERROR: Uncaught PHP Exception Symfony\Component\HttpKernel\Exception\NotFoundHttpException: "No route found for "GET /bundles/mascotasmascotas/uploaded/ae054d90825e7fd077995d26cda8de087e223cff.jpeg"" at D:\xampp\htdocs\mascotas\app\cache\prod\classes.php line 3615 [] []
[2013-07-07 03:04:40] request.ERROR: Uncaught PHP Exception Symfony\Component\HttpKernel\Exception\NotFoundHttpException: "No route found for "GET /bundles/mascotasmascotas/uploaded/ae054d90825e7fd077995d26cda8de087e223cff.jpeg"" at D:\xampp\htdocs\mascotas\app\cache\prod\classes.php line 3615 [] []
[2013-07-07 03:05:38] request.ERROR: Uncaught PHP Exception Symfony\Component\HttpKernel\Exception\NotFoundHttpException: "No route found for "GET /bundles/mascotasmascotas/uploaded/ae054d90825e7fd077995d26cda8de087e223cff.jpeg"" at D:\xampp\htdocs\mascotas\app\cache\prod\classes.php line 3615 [] []
[2013-07-07 03:06:27] request.ERROR: Uncaught PHP Exception Symfony\Component\HttpKernel\Exception\NotFoundHttpException: "No route found for "GET /bundles/mascotasmascotas/uploaded/ae054d90825e7fd077995d26cda8de087e223cff.jpeg"" at D:\xampp\htdocs\mascotas\app\cache\prod\classes.php line 3615 [] []
[2013-07-07 03:07:27] request.ERROR: Uncaught PHP Exception Symfony\Component\HttpKernel\Exception\NotFoundHttpException: "No route found for "GET /bundles/mascotasmascotas/uploaded/ae054d90825e7fd077995d26cda8de087e223cff.jpeg"" at D:\xampp\htdocs\mascotas\app\cache\prod\classes.php line 3615 [] []
[2013-07-07 03:07:42] request.ERROR: Uncaught PHP Exception Symfony\Component\HttpKernel\Exception\NotFoundHttpException: "No route found for "GET /bundles/mascotasmascotas/uploaded/74d651f98409d9a2911eaeec947a83b2c41a2619.jpeg"" at D:\xampp\htdocs\mascotas\app\cache\prod\classes.php line 3615 [] []
[2013-07-07 03:07:51] request.ERROR: Uncaught PHP Exception Symfony\Component\HttpKernel\Exception\NotFoundHttpException: "No route found for "GET /bundles/mascotasmascotas/uploaded/bffa899a50ab5aa721fdd3d131540177a2aaaafe.jpeg"" at D:\xampp\htdocs\mascotas\app\cache\prod\classes.php line 3615 [] []
[2013-07-07 03:08:06] request.ERROR: Uncaught PHP Exception Symfony\Component\HttpKernel\Exception\NotFoundHttpException: "No route found for "GET /bundles/mascotasmascotas/uploaded/ae054d90825e7fd077995d26cda8de087e223cff.jpeg"" at D:\xampp\htdocs\mascotas\app\cache\prod\classes.php line 3615 [] []
[2013-07-07 03:10:30] request.ERROR: Uncaught PHP Exception Symfony\Component\HttpKernel\Exception\NotFoundHttpException: "No route found for "GET /bundles/mascotasmascotas/uploaded/ae054d90825e7fd077995d26cda8de087e223cff.jpeg"" at D:\xampp\htdocs\mascotas\app\cache\prod\classes.php line 3615 [] []
[2013-07-07 03:12:52] request.ERROR: Uncaught PHP Exception Symfony\Component\HttpKernel\Exception\NotFoundHttpException: "No route found for "GET /bundles/mascotasmascotas/uploaded/ae054d90825e7fd077995d26cda8de087e223cff.jpeg"" at D:\xampp\htdocs\mascotas\app\cache\prod\classes.php line 3615 [] []
[2013-07-07 03:12:59] request.ERROR: Uncaught PHP Exception Symfony\Component\HttpKernel\Exception\NotFoundHttpException: "No route found for "GET /bundles/mascotasmascotas/uploaded/bffa899a50ab5aa721fdd3d131540177a2aaaafe.jpeg"" at D:\xampp\htdocs\mascotas\app\cache\prod\classes.php line 3615 [] []
[2013-07-07 03:13:46] request.ERROR: Uncaught PHP Exception Symfony\Component\HttpKernel\Exception\NotFoundHttpException: "No route found for "GET /bundles/mascotasmascotas/uploaded/bffa899a50ab5aa721fdd3d131540177a2aaaafe.jpeg"" at D:\xampp\htdocs\mascotas\app\cache\prod\classes.php line 3615 [] []
[2013-07-07 07:25:34] request.ERROR: Uncaught PHP Exception Symfony\Component\HttpKernel\Exception\NotFoundHttpException: "No route found for "GET /bundles/mascotasmascotas/uploaded/initial"" at D:\xampp\htdocs\mascotas\app\cache\prod\classes.php line 3615 [] []
[2013-07-07 07:43:14] request.ERROR: Uncaught PHP Exception Symfony\Component\HttpKernel\Exception\NotFoundHttpException: "No route found for "GET /bundles/mascotasmascotas/uploaded/initial"" at D:\xampp\htdocs\mascotas\app\cache\prod\classes.php line 3615 [] []
[2013-07-07 07:43:16] request.ERROR: Uncaught PHP Exception Symfony\Component\HttpKernel\Exception\NotFoundHttpException: "No route found for "GET /bundles/mascotasmascotas/uploaded/initial"" at D:\xampp\htdocs\mascotas\app\cache\prod\classes.php line 3615 [] []
[2013-07-07 07:44:39] request.ERROR: Uncaught PHP Exception Symfony\Component\HttpKernel\Exception\NotFoundHttpException: "No route found for "GET /bundles/mascotasmascotas/uploaded/initial"" at D:\xampp\htdocs\mascotas\app\cache\prod\classes.php line 3615 [] []
[2013-07-07 07:44:43] request.ERROR: Uncaught PHP Exception Symfony\Component\HttpKernel\Exception\NotFoundHttpException: "No route found for "GET /bundles/mascotasmascotas/uploaded/initial"" at D:\xampp\htdocs\mascotas\app\cache\prod\classes.php line 3615 [] []
[2013-07-07 07:45:58] request.ERROR: Uncaught PHP Exception Symfony\Component\HttpKernel\Exception\NotFoundHttpException: "No route found for "GET /bundles/mascotasmascotas/uploaded/initial"" at D:\xampp\htdocs\mascotas\app\cache\prod\classes.php line 3615 [] []
[2013-07-07 07:46:21] request.ERROR: Uncaught PHP Exception Symfony\Component\HttpKernel\Exception\NotFoundHttpException: "No route found for "GET /bundles/mascotasmascotas/uploaded/initial"" at D:\xampp\htdocs\mascotas\app\cache\prod\classes.php line 3615 [] []
[2013-07-07 07:47:08] request.ERROR: Uncaught PHP Exception Symfony\Component\HttpKernel\Exception\NotFoundHttpException: "No route found for "GET /bundles/mascotasmascotas/uploaded/initial"" at D:\xampp\htdocs\mascotas\app\cache\prod\classes.php line 3615 [] []
